Using pre-set license
Built from '2020.3/staging' branch; Version is '2020.3.0f1 (c7b5465681fb) revision 13088070'; Using compiler version '192528614'; Build Type 'Release'
OS: 'Windows 10 Home; OS build 19042.867; Version 2009; 64bit' Language: 'en' Physical Memory: 8092 MB
BatchMode: 1, IsHumanControllingUs: 0, StartBugReporterOnCrash: 0, Is64bit: 1, IsPro: 0

 COMMAND LINE ARGUMENTS:
C:\Program Files\Unity\Hub\Editor\2020.3.0f1\Editor\Unity.exe
-adb2
-batchMode
-noUpm
-name
AssetImportWorker0
-projectPath
C:/Users/aviha/Desktop/פיתוח משחקים/projects/Tilt
-logFile
Logs/AssetImportWorker0.log
-srvPort
50355
Successfully changed project path to: C:/Users/aviha/Desktop/פיתוח משחקים/projects/Tilt
C:/Users/aviha/Desktop/פיתוח משחקים/projects/Tilt
Using Asset Import Pipeline V2.
Refreshing native plugins compatible for Editor in 26.19 ms, found 0 plugins.
Preloading 0 native plugins for Editor in 0.00 ms.
Initialize engine version: 2020.3.0f1 (c7b5465681fb)
[Subsystems] Discovering subsystems at path C:/Program Files/Unity/Hub/Editor/2020.3.0f1/Editor/Data/Resources/UnitySubsystems
[Subsystems] Discovering subsystems at path C:/Users/aviha/Desktop/פיתוח משחקים/projects/Tilt/Assets
GfxDevice: creating device client; threaded=0
Direct3D:
    Version:  Direct3D 11.0 [level 11.1]
    Renderer: Intel(R) UHD Graphics 620 (ID=0x5917)
    Vendor:   
    VRAM:     4046 MB
    Driver:   26.20.100.8142
Initialize mono
Mono path[0] = 'C:/Program Files/Unity/Hub/Editor/2020.3.0f1/Editor/Data/Managed'
Mono path[1] = 'C:/Program Files/Unity/Hub/Editor/2020.3.0f1/Editor/Data/MonoBleedingEdge/lib/mono/unityjit'
Mono config path = 'C:/Program Files/Unity/Hub/Editor/2020.3.0f1/Editor/Data/MonoBleedingEdge/etc'
Using monoOptions --debugger-agent=transport=dt_socket,embedding=1,server=y,suspend=n,address=127.0.0.1:56708
Begin MonoManager ReloadAssembly
Registering precompiled unity dll's ...
Register platform support module: C:/Program Files/Unity/Hub/Editor/2020.3.0f1/Editor/Data/PlaybackEngines/WindowsStandaloneSupport/UnityEditor.WindowsStandalone.Extensions.dll
Registered in 0.003421 seconds.
Native extension for WindowsStandalone target not found
Refreshing native plugins compatible for Editor in 37.56 ms, found 0 plugins.
Preloading 0 native plugins for Editor in 0.00 ms.
Invoked RoslynAnalysisRunner static constructor.
RoslynAnalysisRunner will not be running.
RoslynAnalysisRunner has terminated.
Mono: successfully reloaded assembly
- Completed reload, in  1.337 seconds
Platform modules already initialized, skipping
Registering precompiled user dll's ...
Registered in 0.001016 seconds.
Begin MonoManager ReloadAssembly
Native extension for WindowsStandalone target not found
Refreshing native plugins compatible for Editor in 0.22 ms, found 0 plugins.
Preloading 0 native plugins for Editor in 0.00 ms.
Invoked RoslynAnalysisRunner static constructor.
RoslynAnalysisRunner will not be running.
RoslynAnalysisRunner has terminated.
Mono: successfully reloaded assembly
- Completed reload, in  1.041 seconds
Platform modules already initialized, skipping
========================================================================
Worker process is ready to serve import requests
Launched and connected shader compiler UnityShaderCompiler.exe after 0.07 seconds
Refreshing native plugins compatible for Editor in 0.22 ms, found 0 plugins.
Preloading 0 native plugins for Editor in 0.00 ms.
Unloading 1115 Unused Serialized files (Serialized files now loaded: 0)
System memory in use before: 57.0 MB.
System memory in use after: 57.0 MB.

Unloading 10 unused Assets to reduce memory usage. Loaded Objects now: 1557.
Total: 2.391600 ms (FindLiveObjects: 0.279700 ms CreateObjectMapping: 0.047600 ms MarkObjects: 1.939700 ms  DeleteObjects: 0.123700 ms)

========================================================================
Received Import Request.
  path: Assets/Scripts/CollisionHandler.cs
  artifactKey: Guid(a3cb52dbaf67ed348b5b19d96f603639) Importer(815301076,1909f56bfc062723c751e8b465ee728b)
Start importing Assets/Scripts/CollisionHandler.cs using Guid(a3cb52dbaf67ed348b5b19d96f603639) Importer(815301076,1909f56bfc062723c751e8b465ee728b)  -> (artifact id: '84400a0ac0e2794240efe3e80f6dc110') in 0.115564 seconds
  Import took 0.118488 seconds .

========================================================================
Received Import Request.
  Time since last request: 17.291472 seconds.
  path: Assets/Prefabs/Environment.prefab
  artifactKey: Guid(3e5796fd12de2d24abfa4ea07d113617) Importer(815301076,1909f56bfc062723c751e8b465ee728b)
Start importing Assets/Prefabs/Environment.prefab using Guid(3e5796fd12de2d24abfa4ea07d113617) Importer(815301076,1909f56bfc062723c751e8b465ee728b)  -> (artifact id: '810a144dad53395e4dfe5c830f1b3c61') in 0.117705 seconds
  Import took 0.121016 seconds .

========================================================================
Received Import Request.
  Time since last request: 240.674458 seconds.
  path: Assets/Materials/Ball.mat
  artifactKey: Guid(9e369489ecdaa2c468a727e06a92dda8) Importer(815301076,1909f56bfc062723c751e8b465ee728b)
Start importing Assets/Materials/Ball.mat using Guid(9e369489ecdaa2c468a727e06a92dda8) Importer(815301076,1909f56bfc062723c751e8b465ee728b)  -> (artifact id: '488ed7c026c8ae6a3bfcd2060f55b08f') in 0.061672 seconds
  Import took 0.064664 seconds .

========================================================================
Received Import Request.
  Time since last request: 75.536246 seconds.
  path: ProjectSettings/TagManager.asset
  artifactKey: Guid(00000000000000003000000000000000) Importer(815301076,1909f56bfc062723c751e8b465ee728b)
Start importing ProjectSettings/TagManager.asset using Guid(00000000000000003000000000000000) Importer(815301076,1909f56bfc062723c751e8b465ee728b)  -> (artifact id: 'e58c32c74971579209c983feef23e212') in 0.012275 seconds
  Import took 0.015734 seconds .

========================================================================
Received Prepare
Registering precompiled user dll's ...
Registered in 0.000967 seconds.
Begin MonoManager ReloadAssembly
Native extension for WindowsStandalone target not found
Refreshing native plugins compatible for Editor in 0.33 ms, found 0 plugins.
Preloading 0 native plugins for Editor in 0.00 ms.
Invoked RoslynAnalysisRunner static constructor.
RoslynAnalysisRunner will not be running.
RoslynAnalysisRunner has terminated.
Mono: successfully reloaded assembly
- Completed reload, in  0.941 seconds
Platform modules already initialized, skipping
Refreshing native plugins compatible for Editor in 0.23 ms, found 0 plugins.
Preloading 0 native plugins for Editor in 0.00 ms.
Unloading 1110 Unused Serialized files (Serialized files now loaded: 0)
System memory in use before: 60.3 MB.
System memory in use after: 60.4 MB.

Unloading 7 unused Assets to reduce memory usage. Loaded Objects now: 1601.
Total: 1.999700 ms (FindLiveObjects: 0.148000 ms CreateObjectMapping: 0.046100 ms MarkObjects: 1.741900 ms  DeleteObjects: 0.062400 ms)

========================================================================
Received Import Request.
  Time since last request: 527.618617 seconds.
  path: Assets/Prefabs/Environment.prefab
  artifactKey: Guid(3e5796fd12de2d24abfa4ea07d113617) Importer(815301076,1909f56bfc062723c751e8b465ee728b)
Start importing Assets/Prefabs/Environment.prefab using Guid(3e5796fd12de2d24abfa4ea07d113617) Importer(815301076,1909f56bfc062723c751e8b465ee728b)  -> (artifact id: '1be60b2e7a05ace84e2f11c27bd24c24') in 0.070337 seconds
  Import took 0.073284 seconds .

========================================================================
Received Import Request.
  Time since last request: 16.767023 seconds.
  path: Assets/Prefabs/Environment.prefab
  artifactKey: Guid(3e5796fd12de2d24abfa4ea07d113617) Importer(815301076,1909f56bfc062723c751e8b465ee728b)
Start importing Assets/Prefabs/Environment.prefab using Guid(3e5796fd12de2d24abfa4ea07d113617) Importer(815301076,1909f56bfc062723c751e8b465ee728b)  -> (artifact id: 'd9f1b18c8cfc54a51d844b7957f00cef') in 0.050969 seconds
  Import took 0.054108 seconds .

========================================================================
Received Import Request.
  Time since last request: 13.289854 seconds.
  path: Assets/Prefabs/Environment.prefab
  artifactKey: Guid(3e5796fd12de2d24abfa4ea07d113617) Importer(815301076,1909f56bfc062723c751e8b465ee728b)
Start importing Assets/Prefabs/Environment.prefab using Guid(3e5796fd12de2d24abfa4ea07d113617) Importer(815301076,1909f56bfc062723c751e8b465ee728b)  -> (artifact id: 'f943efd852e050d593755e837f91e8bb') in 0.037461 seconds
  Import took 0.040709 seconds .

========================================================================
Received Prepare
Registering precompiled user dll's ...
Registered in 0.000987 seconds.
Begin MonoManager ReloadAssembly
Native extension for WindowsStandalone target not found
Refreshing native plugins compatible for Editor in 0.21 ms, found 0 plugins.
Preloading 0 native plugins for Editor in 0.00 ms.
Invoked RoslynAnalysisRunner static constructor.
RoslynAnalysisRunner will not be running.
RoslynAnalysisRunner has terminated.
Mono: successfully reloaded assembly
- Completed reload, in  0.996 seconds
Platform modules already initialized, skipping
Refreshing native plugins compatible for Editor in 0.32 ms, found 0 plugins.
Preloading 0 native plugins for Editor in 0.00 ms.
Unloading 1111 Unused Serialized files (Serialized files now loaded: 0)
System memory in use before: 60.3 MB.
System memory in use after: 60.4 MB.

Unloading 5 unused Assets to reduce memory usage. Loaded Objects now: 1606.
Total: 3.575400 ms (FindLiveObjects: 0.838400 ms CreateObjectMapping: 0.138600 ms MarkObjects: 2.522000 ms  DeleteObjects: 0.073800 ms)

========================================================================
Received Import Request.
  Time since last request: 78.300668 seconds.
  path: Assets/Scripts/Hits.cs
  artifactKey: Guid(cf7402c131570fe4490e6552b49f7164) Importer(815301076,1909f56bfc062723c751e8b465ee728b)
Start importing Assets/Scripts/Hits.cs using Guid(cf7402c131570fe4490e6552b49f7164) Importer(815301076,1909f56bfc062723c751e8b465ee728b)  -> (artifact id: '615a6ba1c88d1fe954cbdc5b8f16c34c') in 0.014286 seconds
  Import took 0.020831 seconds .

========================================================================
Received Prepare
Registering precompiled user dll's ...
Registered in 0.048736 seconds.
Begin MonoManager ReloadAssembly
Native extension for WindowsStandalone target not found
Refreshing native plugins compatible for Editor in 0.29 ms, found 0 plugins.
Preloading 0 native plugins for Editor in 0.00 ms.
Invoked RoslynAnalysisRunner static constructor.
RoslynAnalysisRunner will not be running.
RoslynAnalysisRunner has terminated.
Mono: successfully reloaded assembly
- Completed reload, in  1.541 seconds
Platform modules already initialized, skipping
Refreshing native plugins compatible for Editor in 0.35 ms, found 0 plugins.
Preloading 0 native plugins for Editor in 0.00 ms.
Unloading 1111 Unused Serialized files (Serialized files now loaded: 0)
System memory in use before: 60.4 MB.
System memory in use after: 60.4 MB.

Unloading 5 unused Assets to reduce memory usage. Loaded Objects now: 1609.
Total: 3.647800 ms (FindLiveObjects: 0.164200 ms CreateObjectMapping: 0.092000 ms MarkObjects: 3.308600 ms  DeleteObjects: 0.081500 ms)

========================================================================
Received Prepare
Registering precompiled user dll's ...
Registered in 0.000952 seconds.
Begin MonoManager ReloadAssembly
Native extension for WindowsStandalone target not found
Refreshing native plugins compatible for Editor in 0.23 ms, found 0 plugins.
Preloading 0 native plugins for Editor in 0.00 ms.
Invoked RoslynAnalysisRunner static constructor.
RoslynAnalysisRunner will not be running.
RoslynAnalysisRunner has terminated.
Mono: successfully reloaded assembly
- Completed reload, in  0.914 seconds
Platform modules already initialized, skipping
Refreshing native plugins compatible for Editor in 0.20 ms, found 0 plugins.
Preloading 0 native plugins for Editor in 0.00 ms.
Unloading 1111 Unused Serialized files (Serialized files now loaded: 0)
System memory in use before: 60.4 MB.
System memory in use after: 60.4 MB.

Unloading 5 unused Assets to reduce memory usage. Loaded Objects now: 1612.
Total: 1.971500 ms (FindLiveObjects: 0.182300 ms CreateObjectMapping: 0.055100 ms MarkObjects: 1.680400 ms  DeleteObjects: 0.052300 ms)

========================================================================
Received Prepare
Registering precompiled user dll's ...
Registered in 0.001061 seconds.
Begin MonoManager ReloadAssembly
Native extension for WindowsStandalone target not found
Refreshing native plugins compatible for Editor in 0.20 ms, found 0 plugins.
Preloading 0 native plugins for Editor in 0.00 ms.
Invoked RoslynAnalysisRunner static constructor.
RoslynAnalysisRunner will not be running.
RoslynAnalysisRunner has terminated.
Mono: successfully reloaded assembly
- Completed reload, in  0.942 seconds
Platform modules already initialized, skipping
Refreshing native plugins compatible for Editor in 0.21 ms, found 0 plugins.
Preloading 0 native plugins for Editor in 0.00 ms.
Unloading 1111 Unused Serialized files (Serialized files now loaded: 0)
System memory in use before: 60.4 MB.
System memory in use after: 60.4 MB.

Unloading 5 unused Assets to reduce memory usage. Loaded Objects now: 1615.
Total: 2.628000 ms (FindLiveObjects: 0.388100 ms CreateObjectMapping: 0.211800 ms MarkObjects: 1.970100 ms  DeleteObjects: 0.055900 ms)

========================================================================
Received Import Request.
  Time since last request: 685.348288 seconds.
  path: Assets/Scripts/Tilt.cs
  artifactKey: Guid(cca7f7efe205f424385bdaed5b210c3d) Importer(815301076,1909f56bfc062723c751e8b465ee728b)
Start importing Assets/Scripts/Tilt.cs using Guid(cca7f7efe205f424385bdaed5b210c3d) Importer(815301076,1909f56bfc062723c751e8b465ee728b)  -> (artifact id: 'd2a7dfe424c899a32d23c17ca1b45689') in 0.011380 seconds
  Import took 0.015610 seconds .

========================================================================
Received Import Request.
  Time since last request: 0.000350 seconds.
  path: Assets/Scripts/Hits.cs
  artifactKey: Guid(cf7402c131570fe4490e6552b49f7164) Importer(815301076,1909f56bfc062723c751e8b465ee728b)
Start importing Assets/Scripts/Hits.cs using Guid(cf7402c131570fe4490e6552b49f7164) Importer(815301076,1909f56bfc062723c751e8b465ee728b)  -> (artifact id: 'f36598d882be5b3c2dfe3e4616de38b1') in 0.004674 seconds
  Import took 0.007910 seconds .

========================================================================
Received Prepare
Registering precompiled user dll's ...
Registered in 0.002628 seconds.
Begin MonoManager ReloadAssembly
Native extension for WindowsStandalone target not found
Refreshing native plugins compatible for Editor in 0.39 ms, found 0 plugins.
Preloading 0 native plugins for Editor in 0.00 ms.
Invoked RoslynAnalysisRunner static constructor.
RoslynAnalysisRunner will not be running.
RoslynAnalysisRunner has terminated.
Mono: successfully reloaded assembly
- Completed reload, in  1.046 seconds
Platform modules already initialized, skipping
Refreshing native plugins compatible for Editor in 0.28 ms, found 0 plugins.
Preloading 0 native plugins for Editor in 0.00 ms.
Unloading 1111 Unused Serialized files (Serialized files now loaded: 0)
System memory in use before: 60.4 MB.
System memory in use after: 60.5 MB.

Unloading 5 unused Assets to reduce memory usage. Loaded Objects now: 1618.
Total: 3.376900 ms (FindLiveObjects: 0.319100 ms CreateObjectMapping: 0.090900 ms MarkObjects: 2.912900 ms  DeleteObjects: 0.052800 ms)

========================================================================
Received Prepare
Registering precompiled user dll's ...
Registered in 0.001344 seconds.
Begin MonoManager ReloadAssembly
Native extension for WindowsStandalone target not found
Refreshing native plugins compatible for Editor in 0.22 ms, found 0 plugins.
Preloading 0 native plugins for Editor in 0.00 ms.
Invoked RoslynAnalysisRunner static constructor.
RoslynAnalysisRunner will not be running.
RoslynAnalysisRunner has terminated.
Mono: successfully reloaded assembly
- Completed reload, in  0.917 seconds
Platform modules already initialized, skipping
Refreshing native plugins compatible for Editor in 0.23 ms, found 0 plugins.
Preloading 0 native plugins for Editor in 0.00 ms.
Unloading 1111 Unused Serialized files (Serialized files now loaded: 0)
System memory in use before: 60.4 MB.
System memory in use after: 60.5 MB.

Unloading 5 unused Assets to reduce memory usage. Loaded Objects now: 1621.
Total: 2.123600 ms (FindLiveObjects: 0.193600 ms CreateObjectMapping: 0.040900 ms MarkObjects: 1.832100 ms  DeleteObjects: 0.055800 ms)

========================================================================
Received Prepare
Registering precompiled user dll's ...
Registered in 0.000982 seconds.
Begin MonoManager ReloadAssembly
Native extension for WindowsStandalone target not found
Refreshing native plugins compatible for Editor in 0.25 ms, found 0 plugins.
Preloading 0 native plugins for Editor in 0.00 ms.
Invoked RoslynAnalysisRunner static constructor.
RoslynAnalysisRunner will not be running.
RoslynAnalysisRunner has terminated.
Mono: successfully reloaded assembly
- Completed reload, in  0.902 seconds
Platform modules already initialized, skipping
Refreshing native plugins compatible for Editor in 0.23 ms, found 0 plugins.
Preloading 0 native plugins for Editor in 0.00 ms.
Unloading 1111 Unused Serialized files (Serialized files now loaded: 0)
System memory in use before: 60.4 MB.
System memory in use after: 60.5 MB.

Unloading 5 unused Assets to reduce memory usage. Loaded Objects now: 1624.
Total: 2.079300 ms (FindLiveObjects: 0.163700 ms CreateObjectMapping: 0.038800 ms MarkObjects: 1.823800 ms  DeleteObjects: 0.051300 ms)

========================================================================
Received Prepare
Registering precompiled user dll's ...
Registered in 0.003508 seconds.
Begin MonoManager ReloadAssembly
Native extension for WindowsStandalone target not found
Refreshing native plugins compatible for Editor in 0.22 ms, found 0 plugins.
Preloading 0 native plugins for Editor in 0.00 ms.
Invoked RoslynAnalysisRunner static constructor.
RoslynAnalysisRunner will not be running.
RoslynAnalysisRunner has terminated.
Mono: successfully reloaded assembly
- Completed reload, in  0.912 seconds
Platform modules already initialized, skipping
Refreshing native plugins compatible for Editor in 0.23 ms, found 0 plugins.
Preloading 0 native plugins for Editor in 0.00 ms.
Unloading 1111 Unused Serialized files (Serialized files now loaded: 0)
System memory in use before: 60.4 MB.
System memory in use after: 60.5 MB.

Unloading 5 unused Assets to reduce memory usage. Loaded Objects now: 1627.
Total: 2.036100 ms (FindLiveObjects: 0.151700 ms CreateObjectMapping: 0.050100 ms MarkObjects: 1.717200 ms  DeleteObjects: 0.115700 ms)

========================================================================
Received Prepare
Registering precompiled user dll's ...
Registered in 0.000992 seconds.
Begin MonoManager ReloadAssembly
Native extension for WindowsStandalone target not found
Refreshing native plugins compatible for Editor in 0.21 ms, found 0 plugins.
Preloading 0 native plugins for Editor in 0.00 ms.
Invoked RoslynAnalysisRunner static constructor.
RoslynAnalysisRunner will not be running.
RoslynAnalysisRunner has terminated.
Mono: successfully reloaded assembly
- Completed reload, in  0.958 seconds
Platform modules already initialized, skipping
Refreshing native plugins compatible for Editor in 0.21 ms, found 0 plugins.
Preloading 0 native plugins for Editor in 0.00 ms.
Unloading 1111 Unused Serialized files (Serialized files now loaded: 0)
System memory in use before: 60.4 MB.
System memory in use after: 60.5 MB.

Unloading 5 unused Assets to reduce memory usage. Loaded Objects now: 1630.
Total: 2.941300 ms (FindLiveObjects: 0.225000 ms CreateObjectMapping: 0.069800 ms MarkObjects: 2.570500 ms  DeleteObjects: 0.072100 ms)

========================================================================
Received Prepare
Registering precompiled user dll's ...
Registered in 0.002076 seconds.
Begin MonoManager ReloadAssembly
Native extension for WindowsStandalone target not found
Refreshing native plugins compatible for Editor in 0.24 ms, found 0 plugins.
Preloading 0 native plugins for Editor in 0.00 ms.
Invoked RoslynAnalysisRunner static constructor.
RoslynAnalysisRunner will not be running.
RoslynAnalysisRunner has terminated.
Mono: successfully reloaded assembly
- Completed reload, in  0.901 seconds
Platform modules already initialized, skipping
Refreshing native plugins compatible for Editor in 0.26 ms, found 0 plugins.
Preloading 0 native plugins for Editor in 0.00 ms.
Unloading 1111 Unused Serialized files (Serialized files now loaded: 0)
System memory in use before: 60.4 MB.
System memory in use after: 60.5 MB.

Unloading 5 unused Assets to reduce memory usage. Loaded Objects now: 1633.
Total: 2.177200 ms (FindLiveObjects: 0.152500 ms CreateObjectMapping: 0.035400 ms MarkObjects: 1.926900 ms  DeleteObjects: 0.061200 ms)

========================================================================
Received Prepare
Registering precompiled user dll's ...
Registered in 0.000989 seconds.
Begin MonoManager ReloadAssembly
Native extension for WindowsStandalone target not found
Refreshing native plugins compatible for Editor in 0.23 ms, found 0 plugins.
Preloading 0 native plugins for Editor in 0.00 ms.
Invoked RoslynAnalysisRunner static constructor.
RoslynAnalysisRunner will not be running.
RoslynAnalysisRunner has terminated.
Mono: successfully reloaded assembly
- Completed reload, in  0.870 seconds
Platform modules already initialized, skipping
Refreshing native plugins compatible for Editor in 0.39 ms, found 0 plugins.
Preloading 0 native plugins for Editor in 0.00 ms.
Unloading 1111 Unused Serialized files (Serialized files now loaded: 0)
System memory in use before: 60.4 MB.
System memory in use after: 60.5 MB.

Unloading 5 unused Assets to reduce memory usage. Loaded Objects now: 1636.
Total: 2.515600 ms (FindLiveObjects: 0.237200 ms CreateObjectMapping: 0.054200 ms MarkObjects: 2.154100 ms  DeleteObjects: 0.065400 ms)

========================================================================
Received Import Request.
  Time since last request: 1446.493958 seconds.
  path: Assets/Materials/Obstacle.mat
  artifactKey: Guid(8cfac90ebdee23b4ca0a5928906e7953) Importer(815301076,1909f56bfc062723c751e8b465ee728b)
Start importing Assets/Materials/Obstacle.mat using Guid(8cfac90ebdee23b4ca0a5928906e7953) Importer(815301076,1909f56bfc062723c751e8b465ee728b)  -> (artifact id: '644c6628115bf19a35240bea8a862f90') in 0.094802 seconds
  Import took 0.098031 seconds .

========================================================================
Received Import Request.
  Time since last request: 199.368209 seconds.
  path: Assets/Prefabs/Obstacle.prefab
  artifactKey: Guid(c1374877da2e3b64d94df5215facfda9) Importer(815301076,1909f56bfc062723c751e8b465ee728b)
Start importing Assets/Prefabs/Obstacle.prefab using Guid(c1374877da2e3b64d94df5215facfda9) Importer(815301076,1909f56bfc062723c751e8b465ee728b)  -> (artifact id: '7067d93172de9cafd5691416803a937c') in 0.038050 seconds
  Import took 0.040630 seconds .

========================================================================
Received Import Request.
  Time since last request: 0.003077 seconds.
  path: Assets/Prefabs/Obstacle.prefab
  artifactKey: Guid(c1374877da2e3b64d94df5215facfda9) Importer(815301076,1909f56bfc062723c751e8b465ee728b)
Start importing Assets/Prefabs/Obstacle.prefab using Guid(c1374877da2e3b64d94df5215facfda9) Importer(815301076,1909f56bfc062723c751e8b465ee728b)  -> (artifact id: '7067d93172de9cafd5691416803a937c') in 0.015190 seconds
  Import took 0.019574 seconds .

========================================================================
Received Import Request.
  Time since last request: 12.651594 seconds.
  path: Assets/Prefabs/Obstacle.prefab
  artifactKey: Guid(c1374877da2e3b64d94df5215facfda9) Importer(815301076,1909f56bfc062723c751e8b465ee728b)
Start importing Assets/Prefabs/Obstacle.prefab using Guid(c1374877da2e3b64d94df5215facfda9) Importer(815301076,1909f56bfc062723c751e8b465ee728b)  -> (artifact id: 'a540caa220fd352a22fb676e3a05c4a3') in 0.021476 seconds
  Import took 0.024945 seconds .

========================================================================
Received Import Request.
  Time since last request: 0.023218 seconds.
  path: Assets/Prefabs/Obstacle.prefab
  artifactKey: Guid(c1374877da2e3b64d94df5215facfda9) Importer(815301076,1909f56bfc062723c751e8b465ee728b)
Start importing Assets/Prefabs/Obstacle.prefab using Guid(c1374877da2e3b64d94df5215facfda9) Importer(815301076,1909f56bfc062723c751e8b465ee728b)  -> (artifact id: 'a540caa220fd352a22fb676e3a05c4a3') in 0.017638 seconds
  Import took 0.022945 seconds .

========================================================================
Received Prepare
Registering precompiled user dll's ...
Registered in 0.001008 seconds.
Begin MonoManager ReloadAssembly
Native extension for WindowsStandalone target not found
Refreshing native plugins compatible for Editor in 0.25 ms, found 0 plugins.
Preloading 0 native plugins for Editor in 0.00 ms.
Invoked RoslynAnalysisRunner static constructor.
RoslynAnalysisRunner will not be running.
RoslynAnalysisRunner has terminated.
Mono: successfully reloaded assembly
- Completed reload, in  0.871 seconds
Platform modules already initialized, skipping
Refreshing native plugins compatible for Editor in 0.23 ms, found 0 plugins.
Preloading 0 native plugins for Editor in 0.00 ms.
Unloading 1111 Unused Serialized files (Serialized files now loaded: 0)
System memory in use before: 60.4 MB.
System memory in use after: 60.5 MB.

Unloading 5 unused Assets to reduce memory usage. Loaded Objects now: 1640.
Total: 2.155400 ms (FindLiveObjects: 0.224400 ms CreateObjectMapping: 0.052400 ms MarkObjects: 1.817500 ms  DeleteObjects: 0.060300 ms)

AssetImportWorkerClient::OnTransportError - code=2 error=End of file
